This file contains any messages produced by compilers while
running configure, to aid debugging if configure makes a mistake.

It was created by RtMidi configure 4.0.0, which was
generated by GNU Autoconf 2.69.  Invocation command line was

  $ ./configure --enable-maintainer-mode --enable-debug --disable-silent-rules

## --------- ##
## Platform. ##
## --------- ##

hostname = Timothys-MacBook-Pro-2315.local
uname -m = x86_64
uname -r = 18.0.0
uname -s = Darwin
uname -v = Darwin Kernel Version 18.0.0: Wed Aug 22 20:13:40 PDT 2018; root:xnu-4903.201.2~1/RELEASE_X86_64

/usr/bin/uname -p = i386
/bin/uname -X     = unknown

/bin/arch              = unknown
/usr/bin/arch -k       = unknown
/usr/convex/getsysinfo = unknown
/usr/bin/hostinfo      = Mach kernel version:
	 Darwin Kernel Version 18.0.0: Wed Aug 22 20:13:40 PDT 2018; root:xnu-4903.201.2~1/RELEASE_X86_64
Kernel configured for up to 4 processors.
2 processors are physically available.
4 processors are logically available.
Processor type: x86_64h (Intel x86-64h Haswell)
Processors active: 0 1 2 3
Primary memory available: 16.00 gigabytes
Default processor set: 429 tasks, 1846 threads, 4 processors
Load average: 2.40, Mach factor: 2.04
/bin/machine           = unknown
/usr/bin/oslevel       = unknown
/bin/universe          = unknown

PATH: /usr/local/lib
PATH: /usr/local/bin
PATH: .
PATH: /usr/local/bin
PATH: /usr/bin
PATH: /bin
PATH: /usr/sbin
PATH: /sbin
PATH: /opt/X11/bin
PATH: /sbin
PATH: /usr/sbin
PATH: /usr/local/bin
PATH: /Users/timothy/scripts


## ----------- ##
## Core tests. ##
## ----------- ##

configure:2424: checking for a BSD-compatible install
configure:2492: result: /usr/bin/install -c
configure:2503: checking whether build environment is sane
configure:2558: result: yes
configure:2709: checking for a thread-safe mkdir -p
configure:2748: result: config/install-sh -c -d
configure:2755: checking for gawk
configure:2785: result: no
configure:2755: checking for mawk
configure:2785: result: no
configure:2755: checking for nawk
configure:2785: result: no
configure:2755: checking for awk
configure:2771: found /usr/bin/awk
configure:2782: result: awk
configure:2793: checking whether make sets $(MAKE)
configure:2815: result: yes
configure:2844: checking whether make supports nested variables
configure:2861: result: yes
configure:3033: checking that version numbers are coherent
configure:3045: checking whether to enable maintainer-specific portions of Makefiles
configure:3054: result: yes
configure:3078: checking whether make supports nested variables
configure:3095: result: yes
configure:3204: checking for g++
configure:3220: found /usr/bin/g++
configure:3231: result: g++
configure:3258: checking for C++ compiler version
configure:3267: g++ --version >&5
Apple LLVM version 10.0.1 (clang-1001.0.46.4)
Target: x86_64-apple-darwin18.0.0
Thread model: posix
InstalledDir: /Library/Developer/CommandLineTools/usr/bin
Configured with: --prefix=/Library/Developer/CommandLineTools/usr --with-gxx-include-dir=/Library/Developer/CommandLineTools/SDKs/MacOSX10.14.sdk/usr/include/c++/4.2.1
configure:3278: $? = 0
configure:3267: g++ -v >&5
Configured with: --prefix=/Library/Developer/CommandLineTools/usr --with-gxx-include-dir=/Library/Developer/CommandLineTools/SDKs/MacOSX10.14.sdk/usr/include/c++/4.2.1
Apple LLVM version 10.0.1 (clang-1001.0.46.4)
Target: x86_64-apple-darwin18.0.0
Thread model: posix
InstalledDir: /Library/Developer/CommandLineTools/usr/bin
configure:3278: $? = 0
configure:3267: g++ -V >&5
clang: error: unsupported option '-V -Wno-atomic-implicit-seq-cst'
clang: error: no input files
configure:3278: $? = 1
configure:3267: g++ -qversion >&5
clang: error: unknown argument '-qversion', did you mean '--version'?
clang: error: no input files
configure:3278: $? = 1
configure:3298: checking whether the C++ compiler works
configure:3320: g++    conftest.cpp  >&5
configure:3324: $? = 0
configure:3372: result: yes
configure:3375: checking for C++ compiler default output file name
configure:3377: result: a.out
configure:3383: checking for suffix of executables
configure:3390: g++ -o conftest    conftest.cpp  >&5
configure:3394: $? = 0
configure:3416: result: 
configure:3438: checking whether we are cross compiling
configure:3446: g++ -o conftest    conftest.cpp  >&5
configure:3450: $? = 0
configure:3457: ./conftest
configure:3461: $? = 0
configure:3476: result: no
configure:3481: checking for suffix of object files
configure:3503: g++ -c   conftest.cpp >&5
configure:3507: $? = 0
configure:3528: result: o
configure:3532: checking whether we are using the GNU C++ compiler
configure:3551: g++ -c   conftest.cpp >&5
configure:3551: $? = 0
configure:3560: result: yes
configure:3569: checking whether g++ accepts -g
configure:3589: g++ -c -g  conftest.cpp >&5
configure:3589: $? = 0
configure:3630: result: yes
configure:3656: checking whether make supports the include directive
configure:3671: make -f confmf.GNU && cat confinc.out
this is the am__doit target
configure:3674: $? = 0
configure:3693: result: yes (GNU style)
configure:3718: checking dependency style of g++
configure:3829: result: gcc3
configure:3892: checking for gcc
configure:3908: found /usr/bin/gcc
configure:3919: result: gcc
configure:4148: checking for C compiler version
configure:4157: gcc --version >&5
Apple LLVM version 10.0.1 (clang-1001.0.46.4)
Target: x86_64-apple-darwin18.0.0
Thread model: posix
InstalledDir: /Library/Developer/CommandLineTools/usr/bin
Configured with: --prefix=/Library/Developer/CommandLineTools/usr --with-gxx-include-dir=/Library/Developer/CommandLineTools/SDKs/MacOSX10.14.sdk/usr/include/c++/4.2.1
configure:4168: $? = 0
configure:4157: gcc -v >&5
Configured with: --prefix=/Library/Developer/CommandLineTools/usr --with-gxx-include-dir=/Library/Developer/CommandLineTools/SDKs/MacOSX10.14.sdk/usr/include/c++/4.2.1
Apple LLVM version 10.0.1 (clang-1001.0.46.4)
Target: x86_64-apple-darwin18.0.0
Thread model: posix
InstalledDir: /Library/Developer/CommandLineTools/usr/bin
configure:4168: $? = 0
configure:4157: gcc -V >&5
clang: error: unsupported option '-V -Wno-atomic-implicit-seq-cst'
clang: error: no input files
configure:4168: $? = 1
configure:4157: gcc -qversion >&5
clang: error: unknown argument '-qversion', did you mean '--version'?
clang: error: no input files
configure:4168: $? = 1
configure:4172: checking whether we are using the GNU C compiler
configure:4191: gcc -c   conftest.c >&5
configure:4191: $? = 0
configure:4200: result: yes
configure:4209: checking whether gcc accepts -g
configure:4229: gcc -c -g  conftest.c >&5
configure:4229: $? = 0
configure:4270: result: yes
configure:4287: checking for gcc option to accept ISO C89
configure:4350: gcc  -c -g -O2  conftest.c >&5
configure:4350: $? = 0
configure:4363: result: none needed
configure:4388: checking whether gcc understands -c and -o together
configure:4410: gcc -c conftest.c -o conftest2.o
configure:4413: $? = 0
configure:4410: gcc -c conftest.c -o conftest2.o
configure:4413: $? = 0
configure:4425: result: yes
configure:4444: checking dependency style of gcc
configure:4555: result: gcc3
configure:4620: checking for ar
configure:4636: found /usr/bin/ar
configure:4647: result: ar
configure:4673: checking the archiver (ar) interface
configure:4689: gcc -c -g -O2  conftest.c >&5
configure:4689: $? = 0
configure:4691: ar cru libconftest.a conftest.o >&5
configure:4694: $? = 0
configure:4722: result: ar
configure:4744: checking for ar
configure:4762: found /usr/bin/ar
configure:4775: result: /usr/bin/ar
configure:4818: checking build system type
configure:4832: result: x86_64-apple-darwin18.0.0
configure:4852: checking host system type
configure:4865: result: x86_64-apple-darwin18.0.0
configure:4906: checking how to print strings
configure:4933: result: printf
configure:4954: checking for a sed that does not truncate output
configure:5018: result: /usr/bin/sed
configure:5036: checking for grep that handles long lines and -e
configure:5094: result: /usr/bin/grep
configure:5099: checking for egrep
configure:5161: result: /usr/bin/grep -E
configure:5166: checking for fgrep
configure:5228: result: /usr/bin/grep -F
configure:5263: checking for ld used by gcc
configure:5330: result: /Library/Developer/CommandLineTools/usr/bin/ld
configure:5337: checking if the linker (/Library/Developer/CommandLineTools/usr/bin/ld) is GNU ld
configure:5352: result: no
configure:5364: checking for BSD- or MS-compatible name lister (nm)
configure:5418: result: /usr/bin/nm -B
configure:5548: checking the name lister (/usr/bin/nm -B) interface
configure:5555: gcc -c -g -O2  conftest.c >&5
configure:5558: /usr/bin/nm -B "conftest.o"
configure:5561: output
00000000000001ec S _some_variable
configure:5568: result: BSD nm
configure:5571: checking whether ln -s works
configure:5575: result: yes
configure:5583: checking the maximum length of command line arguments
configure:5714: result: 196608
configure:5762: checking how to convert x86_64-apple-darwin18.0.0 file names to x86_64-apple-darwin18.0.0 format
configure:5802: result: func_convert_file_noop
configure:5809: checking how to convert x86_64-apple-darwin18.0.0 file names to toolchain format
configure:5829: result: func_convert_file_noop
configure:5836: checking for /Library/Developer/CommandLineTools/usr/bin/ld option to reload object files
configure:5843: result: -r
configure:5917: checking for objdump
configure:5933: found /usr/bin/objdump
configure:5944: result: objdump
configure:5973: checking how to recognize dependent libraries
configure:6173: result: pass_all
configure:6258: checking for dlltool
configure:6288: result: no
configure:6315: checking how to associate runtime and link libraries
configure:6342: result: printf %s\n
configure:6466: checking for archiver @FILE support
configure:6483: gcc -c -g -O2  conftest.c >&5
configure:6483: $? = 0
configure:6486: /usr/bin/ar cru libconftest.a @conftest.lst >&5
ar: @conftest.lst: No such file or directory
configure:6489: $? = 1
configure:6509: result: no
configure:6567: checking for strip
configure:6583: found /usr/bin/strip
configure:6594: result: strip
configure:6666: checking for ranlib
configure:6682: found /usr/bin/ranlib
configure:6693: result: ranlib
configure:6795: checking command to parse /usr/bin/nm -B output from gcc object
configure:6948: gcc -c -g -O2  conftest.c >&5
configure:6951: $? = 0
configure:6955: /usr/bin/nm -B conftest.o \| sed -n -e 's/^.*[ ]\([BCDEGRST][BCDEGRST]*\)[ ][ ]*\([_A-Za-z][_A-Za-z0-9]*\)$/\1 \2 \2/p' | sed '/ __gnu_lto/d' \> conftest.nm
configure:6958: $? = 0
cannot find nm_test_var in conftest.nm
configure:6948: gcc -c -g -O2  conftest.c >&5
configure:6951: $? = 0
configure:6955: /usr/bin/nm -B conftest.o \| sed -n -e 's/^.*[ ]\([BCDEGRST][BCDEGRST]*\)[ ][ ]*_\([_A-Za-z][_A-Za-z0-9]*\)$/\1 _\2 \2/p' | sed '/ __gnu_lto/d' \> conftest.nm
configure:6958: $? = 0
configure:7024: gcc -o conftest -g -O2   conftest.c conftstm.o >&5
warning: (x86_64)  could not find object file symbol for symbol _main
configure:7027: $? = 0
configure:7065: result: ok
configure:7112: checking for sysroot
configure:7142: result: no
configure:7149: checking for a working dd
configure:7187: result: /bin/dd
configure:7191: checking how to truncate binary pipes
configure:7206: result: /bin/dd bs=4096 count=1
configure:7535: checking for mt
configure:7565: result: no
configure:7585: checking if : is a manifest tool
configure:7591: : '-?'
configure:7599: result: no
configure:7655: checking for dsymutil
configure:7671: found /usr/bin/dsymutil
configure:7682: result: dsymutil
configure:7747: checking for nmedit
configure:7763: found /usr/bin/nmedit
configure:7774: result: nmedit
configure:7839: checking for lipo
configure:7855: found /usr/bin/lipo
configure:7866: result: lipo
configure:7931: checking for otool
configure:7947: found /usr/bin/otool
configure:7958: result: otool
configure:8023: checking for otool64
configure:8053: result: no
configure:8098: checking for -single_module linker flag
gcc -g -O2  -o libconftest.dylib -dynamiclib -Wl,-single_module conftest.c
configure:8131: result: yes
configure:8134: checking for -exported_symbols_list linker flag
configure:8154: gcc -o conftest -g -O2   -Wl,-exported_symbols_list,conftest.sym conftest.c  >&5
configure:8154: $? = 0
configure:8164: result: yes
configure:8167: checking for -force_load linker flag
gcc -g -O2 -c -o conftest.o conftest.c
/usr/bin/ar cru libconftest.a conftest.o
ranlib libconftest.a
gcc -g -O2  -o conftest conftest.c -Wl,-force_load,./libconftest.a
configure:8199: result: yes
configure:8276: checking how to run the C preprocessor
configure:8307: gcc -E  conftest.c
configure:8307: $? = 0
configure:8321: gcc -E  conftest.c
conftest.c:11:10: fatal error: 'ac_nonexistent.h' file not found
#include <ac_nonexistent.h>
         ^~~~~~~~~~~~~~~~~~
1 error generated.
configure:8321: $? = 1
configure: failed program was:
| /* confdefs.h */
| #define PACKAGE_NAME "RtMidi"
| #define PACKAGE_TARNAME "rtmidi"
| #define PACKAGE_VERSION "4.0.0"
| #define PACKAGE_STRING "RtMidi 4.0.0"
| #define PACKAGE_BUGREPORT "gary@music.mcgill.ca"
| #define PACKAGE_URL ""
| #define PACKAGE "rtmidi"
| #define VERSION "4.0.0"
| /* end confdefs.h.  */
| #include <ac_nonexistent.h>
configure:8346: result: gcc -E
configure:8366: gcc -E  conftest.c
configure:8366: $? = 0
configure:8380: gcc -E  conftest.c
conftest.c:11:10: fatal error: 'ac_nonexistent.h' file not found
#include <ac_nonexistent.h>
         ^~~~~~~~~~~~~~~~~~
1 error generated.
configure:8380: $? = 1
configure: failed program was:
| /* confdefs.h */
| #define PACKAGE_NAME "RtMidi"
| #define PACKAGE_TARNAME "rtmidi"
| #define PACKAGE_VERSION "4.0.0"
| #define PACKAGE_STRING "RtMidi 4.0.0"
| #define PACKAGE_BUGREPORT "gary@music.mcgill.ca"
| #define PACKAGE_URL ""
| #define PACKAGE "rtmidi"
| #define VERSION "4.0.0"
| /* end confdefs.h.  */
| #include <ac_nonexistent.h>
configure:8409: checking for ANSI C header files
configure:8429: gcc -c -g -O2  conftest.c >&5
configure:8429: $? = 0
configure:8502: gcc -o conftest -g -O2   conftest.c  >&5
configure:8502: $? = 0
configure:8502: ./conftest
configure:8502: $? = 0
configure:8513: result: yes
configure:8526: checking for sys/types.h
configure:8526: gcc -c -g -O2  conftest.c >&5
configure:8526: $? = 0
configure:8526: result: yes
configure:8526: checking for sys/stat.h
configure:8526: gcc -c -g -O2  conftest.c >&5
configure:8526: $? = 0
configure:8526: result: yes
configure:8526: checking for stdlib.h
configure:8526: gcc -c -g -O2  conftest.c >&5
configure:8526: $? = 0
configure:8526: result: yes
configure:8526: checking for string.h
configure:8526: gcc -c -g -O2  conftest.c >&5
configure:8526: $? = 0
configure:8526: result: yes
configure:8526: checking for memory.h
configure:8526: gcc -c -g -O2  conftest.c >&5
configure:8526: $? = 0
configure:8526: result: yes
configure:8526: checking for strings.h
configure:8526: gcc -c -g -O2  conftest.c >&5
configure:8526: $? = 0
configure:8526: result: yes
configure:8526: checking for inttypes.h
configure:8526: gcc -c -g -O2  conftest.c >&5
configure:8526: $? = 0
configure:8526: result: yes
configure:8526: checking for stdint.h
configure:8526: gcc -c -g -O2  conftest.c >&5
configure:8526: $? = 0
configure:8526: result: yes
configure:8526: checking for unistd.h
configure:8526: gcc -c -g -O2  conftest.c >&5
configure:8526: $? = 0
configure:8526: result: yes
configure:8540: checking for dlfcn.h
configure:8540: gcc -c -g -O2  conftest.c >&5
configure:8540: $? = 0
configure:8540: result: yes
configure:9105: checking for objdir
configure:9120: result: .libs
configure:9384: checking if gcc supports -fno-rtti -fno-exceptions
configure:9402: gcc -c -g -O2  -fno-rtti -fno-exceptions conftest.c >&5
configure:9406: $? = 0
configure:9419: result: yes
configure:9777: checking for gcc option to produce PIC
configure:9784: result: -fno-common -DPIC
configure:9792: checking if gcc PIC flag -fno-common -DPIC works
configure:9810: gcc -c -g -O2  -fno-common -DPIC -DPIC conftest.c >&5
configure:9814: $? = 0
configure:9827: result: yes
configure:9856: checking if gcc static flag -static works
configure:9884: result: no
configure:9899: checking if gcc supports -c -o file.o
configure:9920: gcc -c -g -O2  -o out/conftest2.o conftest.c >&5
configure:9924: $? = 0
configure:9946: result: yes
configure:9954: checking if gcc supports -c -o file.o
configure:10001: result: yes
configure:10034: checking whether the gcc linker (/Library/Developer/CommandLineTools/usr/bin/ld) supports shared libraries
configure:11293: result: yes
configure:11533: checking dynamic linker characteristics
configure:12351: result: darwin18.0.0 dyld
configure:12473: checking how to hardcode library paths into programs
configure:12498: result: immediate
configure:13046: checking whether stripping libraries is possible
configure:13060: result: yes
configure:13086: checking if libtool supports shared libraries
configure:13088: result: yes
configure:13091: checking whether to build shared libraries
configure:13116: result: yes
configure:13119: checking whether to build static libraries
configure:13123: result: yes
configure:13146: checking how to run the C++ preprocessor
configure:13173: g++ -E  conftest.cpp
configure:13173: $? = 0
configure:13187: g++ -E  conftest.cpp
conftest.cpp:23:10: fatal error: 'ac_nonexistent.h' file not found
#include <ac_nonexistent.h>
         ^~~~~~~~~~~~~~~~~~
1 error generated.
configure:13187: $? = 1
configure: failed program was:
| /* confdefs.h */
| #define PACKAGE_NAME "RtMidi"
| #define PACKAGE_TARNAME "rtmidi"
| #define PACKAGE_VERSION "4.0.0"
| #define PACKAGE_STRING "RtMidi 4.0.0"
| #define PACKAGE_BUGREPORT "gary@music.mcgill.ca"
| #define PACKAGE_URL ""
| #define PACKAGE "rtmidi"
| #define VERSION "4.0.0"
| #define STDC_HEADERS 1
| #define HAVE_SYS_TYPES_H 1
| #define HAVE_SYS_STAT_H 1
| #define HAVE_STDLIB_H 1
| #define HAVE_STRING_H 1
| #define HAVE_MEMORY_H 1
| #define HAVE_STRINGS_H 1
| #define HAVE_INTTYPES_H 1
| #define HAVE_STDINT_H 1
| #define HAVE_UNISTD_H 1
| #define HAVE_DLFCN_H 1
| #define LT_OBJDIR ".libs/"
| /* end confdefs.h.  */
| #include <ac_nonexistent.h>
configure:13212: result: g++ -E
configure:13232: g++ -E  conftest.cpp
configure:13232: $? = 0
configure:13246: g++ -E  conftest.cpp
conftest.cpp:23:10: fatal error: 'ac_nonexistent.h' file not found
#include <ac_nonexistent.h>
         ^~~~~~~~~~~~~~~~~~
1 error generated.
configure:13246: $? = 1
configure: failed program was:
| /* confdefs.h */
| #define PACKAGE_NAME "RtMidi"
| #define PACKAGE_TARNAME "rtmidi"
| #define PACKAGE_VERSION "4.0.0"
| #define PACKAGE_STRING "RtMidi 4.0.0"
| #define PACKAGE_BUGREPORT "gary@music.mcgill.ca"
| #define PACKAGE_URL ""
| #define PACKAGE "rtmidi"
| #define VERSION "4.0.0"
| #define STDC_HEADERS 1
| #define HAVE_SYS_TYPES_H 1
| #define HAVE_SYS_STAT_H 1
| #define HAVE_STDLIB_H 1
| #define HAVE_STRING_H 1
| #define HAVE_MEMORY_H 1
| #define HAVE_STRINGS_H 1
| #define HAVE_INTTYPES_H 1
| #define HAVE_STDINT_H 1
| #define HAVE_UNISTD_H 1
| #define HAVE_DLFCN_H 1
| #define LT_OBJDIR ".libs/"
| /* end confdefs.h.  */
| #include <ac_nonexistent.h>
configure:13408: checking for ld used by g++
configure:13475: result: /Library/Developer/CommandLineTools/usr/bin/ld
configure:13482: checking if the linker (/Library/Developer/CommandLineTools/usr/bin/ld) is GNU ld
configure:13497: result: no
configure:13552: checking whether the g++ linker (/Library/Developer/CommandLineTools/usr/bin/ld) supports shared libraries
configure:14625: result: yes
configure:14661: g++ -c -g -O2  conftest.cpp >&5
configure:14664: $? = 0
configure:15145: checking for g++ option to produce PIC
configure:15152: result: -fno-common -DPIC
configure:15160: checking if g++ PIC flag -fno-common -DPIC works
configure:15178: g++ -c -g -O2  -fno-common -DPIC -DPIC conftest.cpp >&5
configure:15182: $? = 0
configure:15195: result: yes
configure:15218: checking if g++ static flag -static works
configure:15246: result: no
configure:15258: checking if g++ supports -c -o file.o
configure:15279: g++ -c -g -O2  -o out/conftest2.o conftest.cpp >&5
configure:15283: $? = 0
configure:15305: result: yes
configure:15310: checking if g++ supports -c -o file.o
configure:15357: result: yes
configure:15387: checking whether the g++ linker (/Library/Developer/CommandLineTools/usr/bin/ld) supports shared libraries
configure:15427: result: yes
configure:15568: checking dynamic linker characteristics
configure:16313: result: darwin18.0.0 dyld
configure:16378: checking how to hardcode library paths into programs
configure:16403: result: immediate
configure:16467: checking for ANSI C header files
configure:16571: result: yes
configure:16582: checking semaphore.h usability
configure:16582: gcc -c -g -O2  conftest.c >&5
configure:16582: $? = 0
configure:16582: result: yes
configure:16582: checking semaphore.h presence
configure:16582: gcc -E  conftest.c
configure:16582: $? = 0
configure:16582: result: yes
configure:16582: checking for semaphore.h
configure:16582: result: yes
configure:16585: checking for sem_init in -lpthread
configure:16610: gcc -o conftest -g -O2   conftest.c -lpthread   >&5
configure:16610: $? = 0
configure:16619: result: yes
configure:16637: checking whether to compile debug version
configure:16644: result: yes
configure:16687: checking for doxygen
configure:16717: result: no
configure:16818: checking for jack_client_open in -ljack
configure:16843: gcc -o conftest -g -O2  -g -D__RTMIDI_DEBUG   conftest.c -ljack   >&5
ld: library not found for -ljack
clang: error: linker command failed with exit code 1 (use -v to see invocation)
configure:16843: $? = 1
configure: failed program was:
| /* confdefs.h */
| #define PACKAGE_NAME "RtMidi"
| #define PACKAGE_TARNAME "rtmidi"
| #define PACKAGE_VERSION "4.0.0"
| #define PACKAGE_STRING "RtMidi 4.0.0"
| #define PACKAGE_BUGREPORT "gary@music.mcgill.ca"
| #define PACKAGE_URL ""
| #define PACKAGE "rtmidi"
| #define VERSION "4.0.0"
| #define STDC_HEADERS 1
| #define HAVE_SYS_TYPES_H 1
| #define HAVE_SYS_STAT_H 1
| #define HAVE_STDLIB_H 1
| #define HAVE_STRING_H 1
| #define HAVE_MEMORY_H 1
| #define HAVE_STRINGS_H 1
| #define HAVE_INTTYPES_H 1
| #define HAVE_STDINT_H 1
| #define HAVE_UNISTD_H 1
| #define HAVE_DLFCN_H 1
| #define LT_OBJDIR ".libs/"
| #define STDC_HEADERS 1
| #define HAVE_SEMAPHORE 1
| /* end confdefs.h.  */
| 
| /* Override any GCC internal prototype to avoid an error.
|    Use char because int might match the return type of a GCC
|    builtin and then its argument prototype would still apply.  */
| #ifdef __cplusplus
| extern "C"
| #endif
| char jack_client_open ();
| int
| main ()
| {
| return jack_client_open ();
|   ;
|   return 0;
| }
configure:16852: result: no
configure:16869: checking for jack_port_rename in -ljack
configure:16894: gcc -o conftest -g -O2  -g -D__RTMIDI_DEBUG   conftest.c -ljack   >&5
ld: library not found for -ljack
clang: error: linker command failed with exit code 1 (use -v to see invocation)
configure:16894: $? = 1
configure: failed program was:
| /* confdefs.h */
| #define PACKAGE_NAME "RtMidi"
| #define PACKAGE_TARNAME "rtmidi"
| #define PACKAGE_VERSION "4.0.0"
| #define PACKAGE_STRING "RtMidi 4.0.0"
| #define PACKAGE_BUGREPORT "gary@music.mcgill.ca"
| #define PACKAGE_URL ""
| #define PACKAGE "rtmidi"
| #define VERSION "4.0.0"
| #define STDC_HEADERS 1
| #define HAVE_SYS_TYPES_H 1
| #define HAVE_SYS_STAT_H 1
| #define HAVE_STDLIB_H 1
| #define HAVE_STRING_H 1
| #define HAVE_MEMORY_H 1
| #define HAVE_STRINGS_H 1
| #define HAVE_INTTYPES_H 1
| #define HAVE_STDINT_H 1
| #define HAVE_UNISTD_H 1
| #define HAVE_DLFCN_H 1
| #define LT_OBJDIR ".libs/"
| #define STDC_HEADERS 1
| #define HAVE_SEMAPHORE 1
| /* end confdefs.h.  */
| 
| /* Override any GCC internal prototype to avoid an error.
|    Use char because int might match the return type of a GCC
|    builtin and then its argument prototype would still apply.  */
| #ifdef __cplusplus
| extern "C"
| #endif
| char jack_port_rename ();
| int
| main ()
| {
| return jack_port_rename ();
|   ;
|   return 0;
| }
configure:16903: result: no
configure:16977: checking CoreMIDI/CoreMIDI.h usability
configure:16977: gcc -c -g -O2  -g -D__RTMIDI_DEBUG  conftest.c >&5
configure:16977: $? = 0
configure:16977: result: yes
configure:16977: checking CoreMIDI/CoreMIDI.h presence
configure:16977: gcc -E -D__RTMIDI_DEBUG  conftest.c
configure:16977: $? = 0
configure:16977: result: yes
configure:16977: checking for CoreMIDI/CoreMIDI.h
configure:16977: result: yes
configure:17056: checking for pthread
configure:17058: checking for pthread_create in -lpthread
configure:17083: gcc -o conftest -g -O2  -g -D__RTMIDI_DEBUG   conftest.c -lpthread   -framework CoreMIDI -framework CoreFoundation -framework CoreAudio >&5
configure:17083: $? = 0
configure:17092: result: yes
configure:17107: checking for MIDI API
configure:17119: result:  CoreMIDI,
configure:17271: checking that generated files are newer than configure
configure:17277: result: done
configure:17312: creating ./config.status

## ---------------------- ##
## Running config.status. ##
## ---------------------- ##

This file was extended by RtMidi config.status 4.0.0, which was
generated by GNU Autoconf 2.69.  Invocation command line was

  CONFIG_FILES    = 
  CONFIG_HEADERS  = 
  CONFIG_LINKS    = 
  CONFIG_COMMANDS = 
  $ ./config.status 

on Timothys-MacBook-Pro-2315.local

config.status:1092: creating rtmidi-config
config.status:1092: creating rtmidi.pc
config.status:1092: creating Makefile
config.status:1092: creating tests/Makefile
config.status:1092: creating doc/Makefile
config.status:1092: creating doc/doxygen/Doxyfile
config.status:1295: executing depfiles commands
config.status:1372: cd .       && sed -e '/# am--include-marker/d' Makefile         | make -f - am--depfiles
config.status:1377: $? = 0
config.status:1372: cd tests       && sed -e '/# am--include-marker/d' Makefile         | make -f - am--depfiles
config.status:1377: $? = 0
config.status:1295: executing libtool commands

## ---------------- ##
## Cache variables. ##
## ---------------- ##

ac_cv_build=x86_64-apple-darwin18.0.0
ac_cv_c_compiler_gnu=yes
ac_cv_cxx_compiler_gnu=yes
ac_cv_env_CCC_set=
ac_cv_env_CCC_value=
ac_cv_env_CC_set=
ac_cv_env_CC_value=
ac_cv_env_CFLAGS_set=
ac_cv_env_CFLAGS_value=
ac_cv_env_CPPFLAGS_set=
ac_cv_env_CPPFLAGS_value=
ac_cv_env_CPP_set=
ac_cv_env_CPP_value=
ac_cv_env_CXXCPP_set=
ac_cv_env_CXXCPP_value=
ac_cv_env_CXXFLAGS_set=
ac_cv_env_CXXFLAGS_value=
ac_cv_env_CXX_set=
ac_cv_env_CXX_value=
ac_cv_env_LDFLAGS_set=
ac_cv_env_LDFLAGS_value=
ac_cv_env_LIBS_set=
ac_cv_env_LIBS_value=
ac_cv_env_LT_SYS_LIBRARY_PATH_set=
ac_cv_env_LT_SYS_LIBRARY_PATH_value=
ac_cv_env_build_alias_set=
ac_cv_env_build_alias_value=
ac_cv_env_host_alias_set=
ac_cv_env_host_alias_value=
ac_cv_env_target_alias_set=
ac_cv_env_target_alias_value=
ac_cv_header_CoreMIDI_CoreMIDI_h=yes
ac_cv_header_dlfcn_h=yes
ac_cv_header_inttypes_h=yes
ac_cv_header_memory_h=yes
ac_cv_header_semaphore_h=yes
ac_cv_header_stdc=yes
ac_cv_header_stdint_h=yes
ac_cv_header_stdlib_h=yes
ac_cv_header_string_h=yes
ac_cv_header_strings_h=yes
ac_cv_header_sys_stat_h=yes
ac_cv_header_sys_types_h=yes
ac_cv_header_unistd_h=yes
ac_cv_host=x86_64-apple-darwin18.0.0
ac_cv_lib_jack_jack_client_open=no
ac_cv_lib_jack_jack_port_rename=no
ac_cv_lib_pthread_pthread_create=yes
ac_cv_lib_pthread_sem_init=yes
ac_cv_objext=o
ac_cv_path_AR=/usr/bin/ar
ac_cv_path_EGREP='/usr/bin/grep -E'
ac_cv_path_FGREP='/usr/bin/grep -F'
ac_cv_path_GREP=/usr/bin/grep
ac_cv_path_SED=/usr/bin/sed
ac_cv_path_install='/usr/bin/install -c'
ac_cv_path_lt_DD=/bin/dd
ac_cv_prog_AWK=awk
ac_cv_prog_CPP='gcc -E'
ac_cv_prog_CXXCPP='g++ -E'
ac_cv_prog_ac_ct_AR=ar
ac_cv_prog_ac_ct_CC=gcc
ac_cv_prog_ac_ct_CXX=g++
ac_cv_prog_ac_ct_DSYMUTIL=dsymutil
ac_cv_prog_ac_ct_LIPO=lipo
ac_cv_prog_ac_ct_NMEDIT=nmedit
ac_cv_prog_ac_ct_OBJDUMP=objdump
ac_cv_prog_ac_ct_OTOOL=otool
ac_cv_prog_ac_ct_RANLIB=ranlib
ac_cv_prog_ac_ct_STRIP=strip
ac_cv_prog_cc_c89=
ac_cv_prog_cc_g=yes
ac_cv_prog_cxx_g=yes
ac_cv_prog_make_make_set=yes
am_cv_CC_dependencies_compiler_type=gcc3
am_cv_CXX_dependencies_compiler_type=gcc3
am_cv_ar_interface=ar
am_cv_make_support_nested_variables=yes
am_cv_prog_cc_c_o=yes
lt_cv_apple_cc_single_mod=yes
lt_cv_ar_at_file=no
lt_cv_deplibs_check_method=pass_all
lt_cv_file_magic_cmd='$MAGIC_CMD'
lt_cv_file_magic_test_file=
lt_cv_ld_exported_symbols_list=yes
lt_cv_ld_force_load=yes
lt_cv_ld_reload_flag=-r
lt_cv_nm_interface='BSD nm'
lt_cv_objdir=.libs
lt_cv_path_LD=/Library/Developer/CommandLineTools/usr/bin/ld
lt_cv_path_LDCXX=/Library/Developer/CommandLineTools/usr/bin/ld
lt_cv_path_NM='/usr/bin/nm -B'
lt_cv_path_mainfest_tool=no
lt_cv_prog_compiler_c_o=yes
lt_cv_prog_compiler_c_o_CXX=yes
lt_cv_prog_compiler_pic='-fno-common -DPIC'
lt_cv_prog_compiler_pic_CXX='-fno-common -DPIC'
lt_cv_prog_compiler_pic_works=yes
lt_cv_prog_compiler_pic_works_CXX=yes
lt_cv_prog_compiler_rtti_exceptions=yes
lt_cv_prog_compiler_static_works=no
lt_cv_prog_compiler_static_works_CXX=no
lt_cv_prog_gnu_ld=no
lt_cv_prog_gnu_ldcxx=no
lt_cv_sharedlib_from_linklib_cmd='printf %s\n'
lt_cv_sys_global_symbol_pipe='sed -n -e '\''s/^.*[	 ]\([BCDEGRST][BCDEGRST]*\)[	 ][	 ]*_\([_A-Za-z][_A-Za-z0-9]*\)$/\1 _\2 \2/p'\'' | sed '\''/ __gnu_lto/d'\'''
lt_cv_sys_global_symbol_to_c_name_address='sed -n -e '\''s/^: \(.*\) .*$/  {"\1", (void *) 0},/p'\'' -e '\''s/^[BCDEGRST][BCDEGRST]* .* \(.*\)$/  {"\1", (void *) \&\1},/p'\'''
lt_cv_sys_global_symbol_to_c_name_address_lib_prefix='sed -n -e '\''s/^: \(.*\) .*$/  {"\1", (void *) 0},/p'\'' -e '\''s/^[BCDEGRST][BCDEGRST]* .* \(lib.*\)$/  {"\1", (void *) \&\1},/p'\'' -e '\''s/^[BCDEGRST][BCDEGRST]* .* \(.*\)$/  {"lib\1", (void *) \&\1},/p'\'''
lt_cv_sys_global_symbol_to_cdecl='sed -n -e '\''s/^T .* \(.*\)$/extern int \1();/p'\'' -e '\''s/^[BCDEGRST][BCDEGRST]* .* \(.*\)$/extern char \1;/p'\'''
lt_cv_sys_global_symbol_to_import=
lt_cv_sys_max_cmd_len=196608
lt_cv_to_host_file_cmd=func_convert_file_noop
lt_cv_to_tool_file_cmd=func_convert_file_noop
lt_cv_truncate_bin='/bin/dd bs=4096 count=1'

## ----------------- ##
## Output variables. ##
## ----------------- ##

ACLOCAL='${SHELL} /Users/timothy/Documents/HKU/CSD2b/helloworld/rtmidi-master/config/missing aclocal-1.16'
AMDEPBACKSLASH='\'
AMDEP_FALSE='#'
AMDEP_TRUE=''
AMTAR='$${TAR-tar}'
AM_BACKSLASH='\'
AM_DEFAULT_V='$(AM_DEFAULT_VERBOSITY)'
AM_DEFAULT_VERBOSITY='1'
AM_V='$(V)'
AR='/usr/bin/ar'
AS='as'
AUTOCONF='${SHELL} /Users/timothy/Documents/HKU/CSD2b/helloworld/rtmidi-master/config/missing autoconf'
AUTOHEADER='${SHELL} /Users/timothy/Documents/HKU/CSD2b/helloworld/rtmidi-master/config/missing autoheader'
AUTOMAKE='${SHELL} /Users/timothy/Documents/HKU/CSD2b/helloworld/rtmidi-master/config/missing automake-1.16'
AWK='awk'
CC='gcc'
CCDEPMODE='depmode=gcc3'
CFLAGS='-g -O2  -g'
CPP='gcc -E'
CPPFLAGS='-D__RTMIDI_DEBUG   -D__MACOSX_CORE__'
CXX='g++'
CXXCPP='g++ -E'
CXXDEPMODE='depmode=gcc3'
CXXFLAGS='-Wall -Wextra -g -O2  -g'
CYGPATH_W='echo'
DEFS='-DPACKAGE_NAME=\"RtMidi\" -DPACKAGE_TARNAME=\"rtmidi\" -DPACKAGE_VERSION=\"4.0.0\" -DPACKAGE_STRING=\"RtMidi\ 4.0.0\" -DPACKAGE_BUGREPORT=\"gary@music.mcgill.ca\" -DPACKAGE_URL=\"\" -DPACKAGE=\"rtmidi\" -DVERSION=\"4.0.0\" -DSTDC_HEADERS=1 -DHAVE_SYS_TYPES_H=1 -DHAVE_SYS_STAT_H=1 -DHAVE_STDLIB_H=1 -DHAVE_STRING_H=1 -DHAVE_MEMORY_H=1 -DHAVE_STRINGS_H=1 -DHAVE_INTTYPES_H=1 -DHAVE_STDINT_H=1 -DHAVE_UNISTD_H=1 -DHAVE_DLFCN_H=1 -DLT_OBJDIR=\".libs/\" -DSTDC_HEADERS=1 -DHAVE_SEMAPHORE=1 -DHAVE_LIBPTHREAD=1'
DEPDIR='.deps'
DLLTOOL='false'
DOXYGEN=''
DSYMUTIL='dsymutil'
DUMPBIN=''
ECHO_C='\c'
ECHO_N=''
ECHO_T=''
EGREP='/usr/bin/grep -E'
EXEEXT=''
FGREP='/usr/bin/grep -F'
GREP='/usr/bin/grep'
INSTALL_DATA='${INSTALL} -m 644'
INSTALL_PROGRAM='${INSTALL}'
INSTALL_SCRIPT='${INSTALL}'
INSTALL_STRIP_PROGRAM='$(install_sh) -c -s'
LD='/Library/Developer/CommandLineTools/usr/bin/ld'
LDFLAGS=''
LIBOBJS=''
LIBS='-lpthread  -framework CoreMIDI -framework CoreFoundation -framework CoreAudio'
LIBTOOL='$(SHELL) $(top_builddir)/libtool'
LIPO='lipo'
LN_S='ln -s'
LTLIBOBJS=''
LT_SYS_LIBRARY_PATH=''
MAINT=''
MAINTAINER_MODE_FALSE='#'
MAINTAINER_MODE_TRUE=''
MAKEINFO='${SHELL} /Users/timothy/Documents/HKU/CSD2b/helloworld/rtmidi-master/config/missing makeinfo'
MAKE_DOC_FALSE=''
MAKE_DOC_TRUE='#'
MANIFEST_TOOL=':'
MKDIR_P='config/install-sh -c -d'
NM='/usr/bin/nm -B'
NMEDIT='nmedit'
OBJDUMP='objdump'
OBJEXT='o'
OTOOL64=':'
OTOOL='otool'
PACKAGE='rtmidi'
PACKAGE_BUGREPORT='gary@music.mcgill.ca'
PACKAGE_NAME='RtMidi'
PACKAGE_STRING='RtMidi 4.0.0'
PACKAGE_TARNAME='rtmidi'
PACKAGE_URL=''
PACKAGE_VERSION='4.0.0'
PATH_SEPARATOR=':'
RANLIB='ranlib'
SED='/usr/bin/sed'
SET_MAKE=''
SHELL='/bin/sh'
SO_VERSION='5:0:0'
STRIP='strip'
VERSION='4.0.0'
ac_ct_AR='ar'
ac_ct_CC='gcc'
ac_ct_CXX='g++'
ac_ct_DUMPBIN=''
am__EXEEXT_FALSE=''
am__EXEEXT_TRUE='#'
am__fastdepCC_FALSE='#'
am__fastdepCC_TRUE=''
am__fastdepCXX_FALSE='#'
am__fastdepCXX_TRUE=''
am__include='include'
am__isrc=''
am__leading_dot='.'
am__nodep='_no'
am__quote=''
am__tar='$${TAR-tar} chof - "$$tardir"'
am__untar='$${TAR-tar} xf -'
api=' -D__MACOSX_CORE__'
bindir='${exec_prefix}/bin'
build='x86_64-apple-darwin18.0.0'
build_alias=''
build_cpu='x86_64'
build_os='darwin18.0.0'
build_vendor='apple'
datadir='${datarootdir}'
datarootdir='${prefix}/share'
docdir='${datarootdir}/doc/${PACKAGE_TARNAME}'
dvidir='${docdir}'
exec_prefix='${prefix}'
host='x86_64-apple-darwin18.0.0'
host_alias=''
host_cpu='x86_64'
host_os='darwin18.0.0'
host_vendor='apple'
htmldir='${docdir}'
includedir='${prefix}/include'
infodir='${datarootdir}/info'
install_sh='${SHELL} /Users/timothy/Documents/HKU/CSD2b/helloworld/rtmidi-master/config/install-sh'
libdir='${exec_prefix}/lib'
libexecdir='${exec_prefix}/libexec'
localedir='${datarootdir}/locale'
localstatedir='${prefix}/var'
mandir='${datarootdir}/man'
mkdir_p='$(MKDIR_P)'
oldincludedir='/usr/include'
pdfdir='${docdir}'
prefix='/usr/local'
program_transform_name='s,x,x,'
psdir='${docdir}'
req=''
sbindir='${exec_prefix}/sbin'
sharedstatedir='${prefix}/com'
sysconfdir='${prefix}/etc'
target_alias=''

## ----------- ##
## confdefs.h. ##
## ----------- ##

/* confdefs.h */
#define PACKAGE_NAME "RtMidi"
#define PACKAGE_TARNAME "rtmidi"
#define PACKAGE_VERSION "4.0.0"
#define PACKAGE_STRING "RtMidi 4.0.0"
#define PACKAGE_BUGREPORT "gary@music.mcgill.ca"
#define PACKAGE_URL ""
#define PACKAGE "rtmidi"
#define VERSION "4.0.0"
#define STDC_HEADERS 1
#define HAVE_SYS_TYPES_H 1
#define HAVE_SYS_STAT_H 1
#define HAVE_STDLIB_H 1
#define HAVE_STRING_H 1
#define HAVE_MEMORY_H 1
#define HAVE_STRINGS_H 1
#define HAVE_INTTYPES_H 1
#define HAVE_STDINT_H 1
#define HAVE_UNISTD_H 1
#define HAVE_DLFCN_H 1
#define LT_OBJDIR ".libs/"
#define STDC_HEADERS 1
#define HAVE_SEMAPHORE 1
#define HAVE_LIBPTHREAD 1

configure: exit 0
